Started GET "/api/v1/courses?user_id=1" for ::1 at 2021-06-13 17:59:31 +0530
  [1m[35m (0.7ms)[0m  [1m[34mSELECT "schema_migrations"."version" FROM "schema_migrations" ORDER BY "schema_migrations"."version" ASC[0m
Processing by Api::V1::CoursesController#index as JSON
  Parameters: {"user_id"=>"1"}
  [1m[36mUser Load (0.3ms)[0m  [1m[34mSELECT "users".* FROM "users" ORDER BY "users"."id" ASC LIMIT $1[0m  [["LIMIT", 1]]
  ↳ app/controllers/application_controller.rb:8:in `stub_current_user'
  [1m[36mCourse Load (1.5ms)[0m  [1m[34mSELECT "courses".* FROM "courses" INNER JOIN "user_courses" ON "courses"."id" = "user_courses"."course_id" WHERE "user_courses"."user_id" = $1[0m  [["user_id", 9]]
  ↳ app/controllers/api/v1/courses_controller.rb:3:in `index'
  [1m[35m (0.9ms)[0m  [1m[34mSELECT "topics"."id" FROM "topics" WHERE "topics"."course_id" = $1[0m  [["course_id", 24]]
  ↳ app/controllers/api/v1/courses_controller.rb:3:in `index'
  [1m[36mTopic Load (1.0ms)[0m  [1m[34mSELECT "topics".* FROM "topics" WHERE "topics"."course_id" = $1[0m  [["course_id", 24]]
  ↳ app/controllers/api/v1/courses_controller.rb:3:in `index'
  [1m[36mUserTopic Exists? (62.4ms)[0m  [1m[34mSELECT 1 AS one FROM "user_topics" WHERE "user_topics"."user_id" = $1 AND "user_topics"."topic_id" = $2 AND (completed_at IS NOT NULL) LIMIT $3[0m  [["user_id", 9], ["topic_id", 159], ["LIMIT", 1]]
  ↳ app/models/topic.rb:6:in `is_completed?'
  [1m[36mAssignment Load (0.3ms)[0m  [1m[34mSELECT "assignments".* FROM "assignments" WHERE "assignments"."topic_id" = $1[0m  [["topic_id", 159]]
  ↳ app/controllers/api/v1/courses_controller.rb:3:in `index'
  [1m[36mCACHE UserTopic Exists? (0.0ms)[0m  [1m[34mSELECT 1 AS one FROM "user_topics" WHERE "user_topics"."user_id" = $1 AND "user_topics"."topic_id" = $2 AND (completed_at IS NOT NULL) LIMIT $3[0m  [["user_id", 9], ["topic_id", 159], ["LIMIT", 1]]
  ↳ app/models/topic.rb:6:in `is_completed?'
  [1m[36mCACHE UserTopic Exists? (0.0ms)[0m  [1m[34mSELECT 1 AS one FROM "user_topics" WHERE "user_topics"."user_id" = $1 AND "user_topics"."topic_id" = $2 AND (completed_at IS NOT NULL) LIMIT $3[0m  [["user_id", 9], ["topic_id", 159], ["LIMIT", 1]]
  ↳ app/models/topic.rb:6:in `is_completed?'
  [1m[35m (0.3ms)[0m  [1m[34mSELECT "topics"."id" FROM "topics" WHERE "topics"."course_id" = $1[0m  [["course_id", 25]]
  ↳ app/controllers/api/v1/courses_controller.rb:3:in `index'
  [1m[36mTopic Load (0.3ms)[0m  [1m[34mSELECT "topics".* FROM "topics" WHERE "topics"."course_id" = $1[0m  [["course_id", 25]]
  ↳ app/controllers/api/v1/courses_controller.rb:3:in `index'
  [1m[36mUserTopic Exists? (1.9ms)[0m  [1m[34mSELECT 1 AS one FROM "user_topics" WHERE "user_topics"."user_id" = $1 AND "user_topics"."topic_id" = $2 AND (completed_at IS NOT NULL) LIMIT $3[0m  [["user_id", 9], ["topic_id", 160], ["LIMIT", 1]]
  ↳ app/models/topic.rb:6:in `is_completed?'
  [1m[36mCACHE UserTopic Exists? (0.0ms)[0m  [1m[34mSELECT 1 AS one FROM "user_topics" WHERE "user_topics"."user_id" = $1 AND "user_topics"."topic_id" = $2 AND (completed_at IS NOT NULL) LIMIT $3[0m  [["user_id", 9], ["topic_id", 160], ["LIMIT", 1]]
  ↳ app/models/topic.rb:6:in `is_completed?'
  [1m[36mCACHE UserTopic Exists? (0.0ms)[0m  [1m[34mSELECT 1 AS one FROM "user_topics" WHERE "user_topics"."user_id" = $1 AND "user_topics"."topic_id" = $2 AND (completed_at IS NOT NULL) LIMIT $3[0m  [["user_id", 9], ["topic_id", 160], ["LIMIT", 1]]
  ↳ app/models/topic.rb:6:in `is_completed?'
Completed 200 OK in 241ms (Views: 76.0ms | ActiveRecord: 93.7ms | Allocations: 39882)


Started GET "/api/v1/courses?user_id=9" for ::1 at 2021-06-13 23:35:01 +0530
  [1m[35m (1.2ms)[0m  [1m[34mSELECT "schema_migrations"."version" FROM "schema_migrations" ORDER BY "schema_migrations"."version" ASC[0m
Processing by Api::V1::CoursesController#index as JSON
  Parameters: {"user_id"=>"9"}
  [1m[36mUser Load (0.5ms)[0m  [1m[34mSELECT "users".* FROM "users" WHERE "users"."id" = $1 LIMIT $2[0m  [["id", 9], ["LIMIT", 1]]
  ↳ app/controllers/application_controller.rb:8:in `fetch_current_user'
  [1m[36mCourse Load (0.8ms)[0m  [1m[34mSELECT "courses".* FROM "courses" INNER JOIN "user_courses" ON "courses"."id" = "user_courses"."course_id" WHERE "user_courses"."user_id" = $1[0m  [["user_id", 9]]
  ↳ app/controllers/api/v1/courses_controller.rb:3:in `index'
  [1m[35m (0.4ms)[0m  [1m[34mSELECT "topics"."id" FROM "topics" WHERE "topics"."course_id" = $1[0m  [["course_id", 24]]
  ↳ app/controllers/api/v1/courses_controller.rb:3:in `index'
  [1m[36mTopic Load (0.3ms)[0m  [1m[34mSELECT "topics".* FROM "topics" WHERE "topics"."course_id" = $1[0m  [["course_id", 24]]
  ↳ app/controllers/api/v1/courses_controller.rb:3:in `index'
  [1m[36mUserTopic Exists? (1.3ms)[0m  [1m[34mSELECT 1 AS one FROM "user_topics" WHERE "user_topics"."user_id" = $1 AND "user_topics"."topic_id" = $2 AND (completed_at IS NOT NULL) LIMIT $3[0m  [["user_id", 9], ["topic_id", 159], ["LIMIT", 1]]
  ↳ app/models/topic.rb:6:in `is_completed?'
  [1m[36mAssignment Load (0.3ms)[0m  [1m[34mSELECT "assignments".* FROM "assignments" WHERE "assignments"."topic_id" = $1[0m  [["topic_id", 159]]
  ↳ app/controllers/api/v1/courses_controller.rb:3:in `index'
  [1m[36mCACHE UserTopic Exists? (0.0ms)[0m  [1m[34mSELECT 1 AS one FROM "user_topics" WHERE "user_topics"."user_id" = $1 AND "user_topics"."topic_id" = $2 AND (completed_at IS NOT NULL) LIMIT $3[0m  [["user_id", 9], ["topic_id", 159], ["LIMIT", 1]]
  ↳ app/models/topic.rb:6:in `is_completed?'
  [1m[36mCACHE UserTopic Exists? (0.0ms)[0m  [1m[34mSELECT 1 AS one FROM "user_topics" WHERE "user_topics"."user_id" = $1 AND "user_topics"."topic_id" = $2 AND (completed_at IS NOT NULL) LIMIT $3[0m  [["user_id", 9], ["topic_id", 159], ["LIMIT", 1]]
  ↳ app/models/topic.rb:6:in `is_completed?'
  [1m[35m (0.3ms)[0m  [1m[34mSELECT "topics"."id" FROM "topics" WHERE "topics"."course_id" = $1[0m  [["course_id", 25]]
  ↳ app/controllers/api/v1/courses_controller.rb:3:in `index'
  [1m[36mTopic Load (0.3ms)[0m  [1m[34mSELECT "topics".* FROM "topics" WHERE "topics"."course_id" = $1[0m  [["course_id", 25]]
  ↳ app/controllers/api/v1/courses_controller.rb:3:in `index'
  [1m[36mUserTopic Exists? (0.4ms)[0m  [1m[34mSELECT 1 AS one FROM "user_topics" WHERE "user_topics"."user_id" = $1 AND "user_topics"."topic_id" = $2 AND (completed_at IS NOT NULL) LIMIT $3[0m  [["user_id", 9], ["topic_id", 160], ["LIMIT", 1]]
  ↳ app/models/topic.rb:6:in `is_completed?'
  [1m[36mCACHE UserTopic Exists? (0.0ms)[0m  [1m[34mSELECT 1 AS one FROM "user_topics" WHERE "user_topics"."user_id" = $1 AND "user_topics"."topic_id" = $2 AND (completed_at IS NOT NULL) LIMIT $3[0m  [["user_id", 9], ["topic_id", 160], ["LIMIT", 1]]
  ↳ app/models/topic.rb:6:in `is_completed?'
  [1m[36mCACHE UserTopic Exists? (0.1ms)[0m  [1m[34mSELECT 1 AS one FROM "user_topics" WHERE "user_topics"."user_id" = $1 AND "user_topics"."topic_id" = $2 AND (completed_at IS NOT NULL) LIMIT $3[0m  [["user_id", 9], ["topic_id", 160], ["LIMIT", 1]]
  ↳ app/models/topic.rb:6:in `is_completed?'
Completed 200 OK in 156ms (Views: 74.1ms | ActiveRecord: 25.2ms | Allocations: 39631)


