Started GET "/api/v1/user_courses" for ::1 at 2021-06-13 17:36:15 +0530
  
ActionController::RoutingError (No route matches [GET] "/api/v1/user_courses"):
  
Started GET "/api/v1/courses" for ::1 at 2021-06-13 17:36:20 +0530
  
ActionController::RoutingError (uninitialized constant Api::V1::CoursesController):
  
Started GET "/api/v1/courses" for ::1 at 2021-06-13 17:36:32 +0530
  [1m[35m (0.8ms)[0m  [1m[34mSELECT "schema_migrations"."version" FROM "schema_migrations" ORDER BY "schema_migrations"."version" ASC[0m
  
ActionController::RoutingError (uninitialized constant Api::V1::CoursesController):
  
Started GET "/api/v1/courses" for ::1 at 2021-06-13 17:38:25 +0530
Processing by Api::V1::CoursesController#index as JSON
  [1m[36mUser Load (0.5ms)[0m  [1m[34mSELECT "users".* FROM "users" ORDER BY "users"."id" ASC LIMIT $1[0m  [["LIMIT", 1]]
  ↳ app/controllers/application_controller.rb:8:in `stub_current_user'
  [1m[36mCourse Load (0.5ms)[0m  [1m[34mSELECT "courses".* FROM "courses" INNER JOIN "user_courses" ON "courses"."id" = "user_courses"."course_id" WHERE "user_courses"."user_id" = $1[0m  [["user_id", 9]]
  ↳ app/controllers/api/v1/courses_controller.rb:3:in `block in index'
  [1m[36mTopic Load (0.5ms)[0m  [1m[34mSELECT "topics".* FROM "topics" WHERE "topics"."course_id" = $1[0m  [["course_id", 24]]
  ↳ app/controllers/api/v1/courses_controller.rb:3:in `block in index'
  [1m[36mAssignment Load (0.6ms)[0m  [1m[34mSELECT "assignments".* FROM "assignments" WHERE "assignments"."topic_id" = $1[0m  [["topic_id", 159]]
  ↳ app/controllers/api/v1/courses_controller.rb:3:in `block in index'
  [1m[36mTopic Load (1.3ms)[0m  [1m[34mSELECT "topics".* FROM "topics" WHERE "topics"."course_id" = $1[0m  [["course_id", 25]]
  ↳ app/controllers/api/v1/courses_controller.rb:3:in `block in index'
  [1m[36mAssignment Load (0.3ms)[0m  [1m[34mSELECT "assignments".* FROM "assignments" WHERE "assignments"."topic_id" = $1[0m  [["topic_id", 160]]
  ↳ app/controllers/api/v1/courses_controller.rb:3:in `block in index'
Completed 200 OK in 119ms (Views: 0.3ms | ActiveRecord: 24.3ms | Allocations: 32678)


Started GET "/api/v1/courses/1" for ::1 at 2021-06-13 17:48:08 +0530
  [1m[35m (0.8ms)[0m  [1m[34mSELECT "schema_migrations"."version" FROM "schema_migrations" ORDER BY "schema_migrations"."version" ASC[0m
  
AbstractController::ActionNotFound (The action 'show' could not be found for Api::V1::CoursesController
Did you mean?  current_user
               current_user=
               index):
  
actionpack (6.1.3.2) lib/abstract_controller/base.rb:160:in `process'
actionpack (6.1.3.2) lib/action_controller/metal.rb:190:in `dispatch'
actionpack (6.1.3.2) lib/action_controller/metal.rb:254:in `dispatch'
actionpack (6.1.3.2) lib/action_dispatch/routing/route_set.rb:50:in `dispatch'
actionpack (6.1.3.2) lib/action_dispatch/routing/route_set.rb:33:in `serve'
actionpack (6.1.3.2) lib/action_dispatch/journey/router.rb:50:in `block in serve'
actionpack (6.1.3.2) lib/action_dispatch/journey/router.rb:32:in `each'
actionpack (6.1.3.2) lib/action_dispatch/journey/router.rb:32:in `serve'
actionpack (6.1.3.2) lib/action_dispatch/routing/route_set.rb:842:in `call'
rack (2.2.3) lib/rack/etag.rb:27:in `call'
rack (2.2.3) lib/rack/conditional_get.rb:27:in `call'
rack (2.2.3) lib/rack/head.rb:12:in `call'
activerecord (6.1.3.2) lib/active_record/migration.rb:601:in `call'
actionpack (6.1.3.2) lib/action_dispatch/middleware/callbacks.rb:27:in `block in call'
activesupport (6.1.3.2) lib/active_support/callbacks.rb:98:in `run_callbacks'
actionpack (6.1.3.2) lib/action_dispatch/middleware/callbacks.rb:26:in `call'
actionpack (6.1.3.2) lib/action_dispatch/middleware/executor.rb:14:in `call'
actionpack (6.1.3.2) lib/action_dispatch/middleware/actionable_exceptions.rb:18:in `call'
actionpack (6.1.3.2) lib/action_dispatch/middleware/debug_exceptions.rb:29:in `call'
actionpack (6.1.3.2) lib/action_dispatch/middleware/show_exceptions.rb:33:in `call'
railties (6.1.3.2) lib/rails/rack/logger.rb:37:in `call_app'
railties (6.1.3.2) lib/rails/rack/logger.rb:26:in `block in call'
activesupport (6.1.3.2) lib/active_support/tagged_logging.rb:99:in `block in tagged'
activesupport (6.1.3.2) lib/active_support/tagged_logging.rb:37:in `tagged'
activesupport (6.1.3.2) lib/active_support/tagged_logging.rb:99:in `tagged'
railties (6.1.3.2) lib/rails/rack/logger.rb:26:in `call'
actionpack (6.1.3.2) lib/action_dispatch/middleware/remote_ip.rb:81:in `call'
actionpack (6.1.3.2) lib/action_dispatch/middleware/request_id.rb:26:in `call'
rack (2.2.3) lib/rack/runtime.rb:22:in `call'
activesupport (6.1.3.2) lib/active_support/cache/strategy/local_cache_middleware.rb:29:in `call'
actionpack (6.1.3.2) lib/action_dispatch/middleware/executor.rb:14:in `call'
actionpack (6.1.3.2) lib/action_dispatch/middleware/static.rb:24:in `call'
rack (2.2.3) lib/rack/sendfile.rb:110:in `call'
actionpack (6.1.3.2) lib/action_dispatch/middleware/host_authorization.rb:98:in `call'
railties (6.1.3.2) lib/rails/engine.rb:539:in `call'
puma (5.3.2) lib/puma/configuration.rb:249:in `call'
puma (5.3.2) lib/puma/request.rb:77:in `block in handle_request'
puma (5.3.2) lib/puma/thread_pool.rb:338:in `with_force_shutdown'
puma (5.3.2) lib/puma/request.rb:76:in `handle_request'
puma (5.3.2) lib/puma/server.rb:438:in `process_client'
puma (5.3.2) lib/puma/thread_pool.rb:145:in `block in spawn_thread'
Started GET "/api/v1/courses?user_id=1" for ::1 at 2021-06-13 17:48:45 +0530
Processing by Api::V1::CoursesController#index as JSON
  Parameters: {"user_id"=>"1"}
  [1m[36mUser Load (0.6ms)[0m  [1m[34mSELECT "users".* FROM "users" ORDER BY "users"."id" ASC LIMIT $1[0m  [["LIMIT", 1]]
  ↳ app/controllers/application_controller.rb:8:in `stub_current_user'
Completed 500 Internal Server Error in 329ms (ActiveRecord: 7.6ms | Allocations: 12879)


  
NameError (undefined local variable or method `api_user' for #<Api::V1::CoursesController:0x00000000006220>):
  
app/controllers/api/v1/courses_controller.rb:3:in `block in index'
app/controllers/api/v1/courses_controller.rb:3:in `index'
Started GET "/api/v1/courses?user_id=1" for ::1 at 2021-06-13 17:48:58 +0530
Processing by Api::V1::CoursesController#index as JSON
  Parameters: {"user_id"=>"1"}
  [1m[36mUser Load (0.4ms)[0m  [1m[34mSELECT "users".* FROM "users" ORDER BY "users"."id" ASC LIMIT $1[0m  [["LIMIT", 1]]
  ↳ app/controllers/application_controller.rb:8:in `stub_current_user'
Completed 500 Internal Server Error in 7ms (ActiveRecord: 0.4ms | Allocations: 2653)


  
NameError (undefined local variable or method `api_user' for #<Api::V1::CoursesController:0x00000000006310>):
  
app/controllers/api/v1/courses_controller.rb:3:in `block in index'
app/controllers/api/v1/courses_controller.rb:3:in `index'
Started GET "/api/v1/courses?user_id=1" for ::1 at 2021-06-13 17:49:44 +0530
Processing by Api::V1::CoursesController#index as JSON
  Parameters: {"user_id"=>"1"}
  [1m[36mUser Load (0.2ms)[0m  [1m[34mSELECT "users".* FROM "users" ORDER BY "users"."id" ASC LIMIT $1[0m  [["LIMIT", 1]]
  ↳ app/controllers/application_controller.rb:8:in `stub_current_user'
  [1m[36mCourse Load (0.7ms)[0m  [1m[34mSELECT "courses".* FROM "courses" INNER JOIN "user_courses" ON "courses"."id" = "user_courses"."course_id" WHERE "user_courses"."user_id" = $1[0m  [["user_id", 9]]
  ↳ app/controllers/api/v1/courses_controller.rb:3:in `block in index'
  [1m[36mTopic Load (0.4ms)[0m  [1m[34mSELECT "topics".* FROM "topics" WHERE "topics"."course_id" = $1[0m  [["course_id", 24]]
  ↳ app/controllers/api/v1/courses_controller.rb:3:in `block in index'
  [1m[36mAssignment Load (0.3ms)[0m  [1m[34mSELECT "assignments".* FROM "assignments" WHERE "assignments"."topic_id" = $1[0m  [["topic_id", 159]]
  ↳ app/controllers/api/v1/courses_controller.rb:3:in `block in index'
  [1m[36mTopic Load (0.3ms)[0m  [1m[34mSELECT "topics".* FROM "topics" WHERE "topics"."course_id" = $1[0m  [["course_id", 25]]
  ↳ app/controllers/api/v1/courses_controller.rb:3:in `block in index'
  [1m[36mAssignment Load (0.2ms)[0m  [1m[34mSELECT "assignments".* FROM "assignments" WHERE "assignments"."topic_id" = $1[0m  [["topic_id", 160]]
  ↳ app/controllers/api/v1/courses_controller.rb:3:in `block in index'
Completed 200 OK in 433ms (Views: 0.2ms | ActiveRecord: 19.4ms | Allocations: 29107)


Started GET "/api/v1/courses?user_id=1" for ::1 at 2021-06-13 17:49:59 +0530
Processing by Api::V1::CoursesController#index as JSON
  Parameters: {"user_id"=>"1"}
  [1m[36mUser Load (0.3ms)[0m  [1m[34mSELECT "users".* FROM "users" ORDER BY "users"."id" ASC LIMIT $1[0m  [["LIMIT", 1]]
  ↳ app/controllers/application_controller.rb:8:in `stub_current_user'
Completed 500 Internal Server Error in 24ms (ActiveRecord: 4.1ms | Allocations: 8196)


  
NameError (undefined local variable or method `api_user' for #<Api::V1::CoursesController:0x00000000008188>):
  
app/controllers/api/v1/courses_controller.rb:3:in `block in index'
app/controllers/api/v1/courses_controller.rb:3:in `index'
Started GET "/api/v1/courses?user_id=1" for ::1 at 2021-06-13 17:50:15 +0530
  [1m[35m (0.6ms)[0m  [1m[34mSELECT "schema_migrations"."version" FROM "schema_migrations" ORDER BY "schema_migrations"."version" ASC[0m
Processing by Api::V1::CoursesController#index as JSON
  Parameters: {"user_id"=>"1"}
  [1m[36mUser Load (0.3ms)[0m  [1m[34mSELECT "users".* FROM "users" ORDER BY "users"."id" ASC LIMIT $1[0m  [["LIMIT", 1]]
  ↳ app/controllers/application_controller.rb:8:in `stub_current_user'
Completed 500 Internal Server Error in 53ms (ActiveRecord: 4.7ms | Allocations: 11835)


  
NameError (undefined local variable or method `api_user' for #<Api::V1::CoursesController:0x00000000006130>):
  
app/controllers/api/v1/courses_controller.rb:3:in `block in index'
app/controllers/api/v1/courses_controller.rb:3:in `index'
Started GET "/api/v1/courses?user_id=1" for ::1 at 2021-06-13 17:51:11 +0530
  [1m[35m (0.6ms)[0m  [1m[34mSELECT "schema_migrations"."version" FROM "schema_migrations" ORDER BY "schema_migrations"."version" ASC[0m
Processing by Api::V1::CoursesController#index as JSON
  Parameters: {"user_id"=>"1"}
  [1m[36mUser Load (0.4ms)[0m  [1m[34mSELECT "users".* FROM "users" ORDER BY "users"."id" ASC LIMIT $1[0m  [["LIMIT", 1]]
  ↳ app/controllers/application_controller.rb:8:in `stub_current_user'
  [1m[36mCourse Load (0.9ms)[0m  [1m[34mSELECT "courses".* FROM "courses" INNER JOIN "user_courses" ON "courses"."id" = "user_courses"."course_id" WHERE "user_courses"."user_id" = $1[0m  [["user_id", 9]]
  ↳ app/controllers/api/v1/courses_controller.rb:3:in `block in index'
  [1m[36mTopic Load (0.6ms)[0m  [1m[34mSELECT "topics".* FROM "topics" WHERE "topics"."course_id" = $1[0m  [["course_id", 24]]
  ↳ app/controllers/api/v1/courses_controller.rb:3:in `block in index'
  [1m[36mAssignment Load (0.3ms)[0m  [1m[34mSELECT "assignments".* FROM "assignments" WHERE "assignments"."topic_id" = $1[0m  [["topic_id", 159]]
  ↳ app/controllers/api/v1/courses_controller.rb:3:in `block in index'
  [1m[36mTopic Load (0.4ms)[0m  [1m[34mSELECT "topics".* FROM "topics" WHERE "topics"."course_id" = $1[0m  [["course_id", 25]]
  ↳ app/controllers/api/v1/courses_controller.rb:3:in `block in index'
  [1m[36mAssignment Load (0.5ms)[0m  [1m[34mSELECT "assignments".* FROM "assignments" WHERE "assignments"."topic_id" = $1[0m  [["topic_id", 160]]
  ↳ app/controllers/api/v1/courses_controller.rb:3:in `block in index'
Completed 200 OK in 138ms (Views: 0.2ms | ActiveRecord: 20.6ms | Allocations: 32661)


